#
# A fatal error has been detected by the Java Runtime Environment:
#
#  SIGSEGV (0xb) at pc=0x0000000000000000, pid=8408, tid=8421
#
# JRE version: OpenJDK Runtime Environment (11.0.13) (build 11.0.13+0-b1751.21-8125866)
# Java VM: OpenJDK 64-Bit Server VM (11.0.13+0-b1751.21-8125866, mixed mode, tiered, compressed oops, g1 gc, linux-amd64)
# Problematic frame:
# C  0x0000000000000000
#
# No core dump will be written. Core dumps have been disabled. To enable core dumping, try "ulimit -c unlimited" before starting Java again
#
# If you would like to submit a bug report, please visit:
#   https://bugreport.java.com/bugreport/crash.jsp
#

---------------  S U M M A R Y ------------

Command Line: -Dorg.gradle.appname=gradlew org.gradle.wrapper.GradleWrapperMain -q -Ptarget-platform=android-arm -Ptarget=/home/ldyv/Documents/GitHub/Nosso-Cafofo/lib/main.dart -Pmultidex-enabled=true -Pbase-application-name=android.app.Application -Pdart-defines=RkxVVFRFUl9XRUJfQVVUT19ERVRFQ1Q9dHJ1ZQ== -Pdart-obfuscation=false -Ptrack-widget-creation=true -Ptree-shake-icons=false -Pfilesystem-scheme=org-dartlang-root assembleDebug

Host: Intel(R) Core(TM) i5-3427U CPU @ 1.80GHz, 4 cores, 3G, Parrot OS 5.1 (Electro Ara)
Time: Tue Jan  3 16:12:45 2023 -03 elapsed time: 74.967672 seconds (0d 0h 1m 14s)

---------------  T H R E A D  ---------------

Current thread (0x00007ff0640f0800):  VMThread "VM Thread" [stack: 0x00007ff068189000,0x00007ff068289000] [id=8421]

Stack: [0x00007ff068189000,0x00007ff068289000],  sp=0x00007ff068287768,  free space=1017k

siginfo: si_signo: 11 (SIGSEGV), si_code: 1 (SEGV_MAPERR), si_addr: 0x0000000000000000

Register to memory mapping:

RAX=0x0 is NULL
RBX=0x00007ff06aecc060: _rtld_global+0x0000000000000000 in /lib64/ld-linux-x86-64.so.2 at 0x00007ff06aea1000
RCX=0x0 is NULL
RDX=0x0000000000000001 is an unknown value
RSP=0x00007ff068287768 points into unknown readable memory: 0x00007ff06ae4e0d3 | d3 e0 e4 6a f0 7f 00 00
RBP=0x00007ff068287770 points into unknown readable memory: 0x00007ff068287890 | 90 78 28 68 f0 7f 00 00
RSI=0x00007ff06ae5cce8: <offset 0x0000000000017ce8> in /snap/android-studio/125/android-studio/jre/bin/../lib/jli/libjli.so at 0x00007ff06ae45000
RDI=0x00007ff06ae5dfa0: <offset 0x0000000000018fa0> in /snap/android-studio/125/android-studio/jre/bin/../lib/jli/libjli.so at 0x00007ff06ae45000
R8 =0x0 is NULL
R9 =0x0000000000000001 is an unknown value
R10=0x00007ff06ae9f5f0 points into unknown readable memory: 0x00007ff06ae45000 | 00 50 e4 6a f0 7f 00 00
R11=0x0 is NULL
R12=0x0 is NULL
R13=0x00007ff068287790 points into unknown readable memory: 0x00007ff06ae9f5f0 | f0 f5 e9 6a f0 7f 00 00
R14=0x00007ff06ae5cce8: <offset 0x0000000000017ce8> in /snap/android-studio/125/android-studio/jre/bin/../lib/jli/libjli.so at 0x00007ff06ae45000
R15=0x00007ff06ae9f5f0 points into unknown readable memory: 0x00007ff06ae45000 | 00 50 e4 6a f0 7f 00 00


Registers:
RAX=0x0000000000000000, RBX=0x00007ff06aecc060, RCX=0x0000000000000000, RDX=0x0000000000000001
RSP=0x00007ff068287768, RBP=0x00007ff068287770, RSI=0x00007ff06ae5cce8, RDI=0x00007ff06ae5dfa0
R8 =0x0000000000000000, R9 =0x0000000000000001, R10=0x00007ff06ae9f5f0, R11=0x0000000000000000
R12=0x0000000000000000, R13=0x00007ff068287790, R14=0x00007ff06ae5cce8, R15=0x00007ff06ae9f5f0
RIP=0x0000000000000000, EFLAGS=0x0000000000010202, CSGSFS=0x002b000000000033, ERR=0x0000000000000014
  TRAPNO=0x000000000000000e

Top of Stack: (sp=0x00007ff068287768)
0x00007ff068287768:   00007ff06ae4e0d3 00007ff068287890
0x00007ff068287778:   00007ff06aeb1373 00007ff06aecd180
0x00007ff068287788:   00007ff06aecd730 00007ff06ae9f5f0
0x00007ff068287798:   00007ff064001240 00007ff064008f70 

Instructions: (pc=0x0000000000000000)
0xffffffffffffff00:   


Stack slot to memory mapping:
stack at sp + 0 slots: 0x00007ff06ae4e0d3: <offset 0x00000000000090d3> in /snap/android-studio/125/android-studio/jre/bin/../lib/jli/libjli.so at 0x00007ff06ae45000
stack at sp + 1 slots: 0x00007ff068287890 points into unknown readable memory: 0x0000000000000000 | 00 00 00 00 00 00 00 00
stack at sp + 2 slots: 0x00007ff06aeb1373: <offset 0x0000000000010373> in /lib64/ld-linux-x86-64.so.2 at 0x00007ff06aea1000
stack at sp + 3 slots: 0x00007ff06aecd180 points into unknown readable memory: 0x0000000000000000 | 00 00 00 00 00 00 00 00
stack at sp + 4 slots: 0x00007ff06aecd730 points into unknown readable memory: 0x00007fffdb309000 | 00 90 30 db ff 7f 00 00
stack at sp + 5 slots: 0x00007ff06ae9f5f0 points into unknown readable memory: 0x00007ff06ae45000 | 00 50 e4 6a f0 7f 00 00
stack at sp + 6 slots: 0x00007ff064001240 points into unknown readable memory: 0x00007ff069925000 | 00 50 92 69 f0 7f 00 00
stack at sp + 7 slots: 0x00007ff064008f70 points into unknown readable memory: 0x00007ff0698c8000 | 00 80 8c 69 f0 7f 00 00

VM_Operation (0x00007ff069a2d168): Exit, mode: safepoint, requested by thread 0x00007ff064016000


---------------  P R O C E S S  ---------------

Threads class SMR info:
_java_thread_list=0x00007ff0040041f0, length=11, elements={
0x00007ff064016000, 0x00007ff0640f9000, 0x00007ff0640fd800, 0x00007ff064113800,
0x00007ff064115800, 0x00007ff064117800, 0x00007ff064119800, 0x00007ff06411b800,
0x00007ff0641b6000, 0x00007feff4014000, 0x00007ff064235800
}

Java Threads: ( => current thread )
  0x00007ff064016000 JavaThread "main" [_thread_blocked, id=8415, stack(0x00007ff06992f000,0x00007ff069a30000)]
  0x00007ff0640f9000 JavaThread "Reference Handler" daemon [_thread_blocked, id=8422, stack(0x00007ff068086000,0x00007ff068187000)]
  0x00007ff0640fd800 JavaThread "Finalizer" daemon [_thread_blocked, id=8423, stack(0x00007ff050507000,0x00007ff050608000)]
  0x00007ff064113800 JavaThread "Signal Dispatcher" daemon [_thread_blocked, id=8424, stack(0x00007ff0500ff000,0x00007ff050200000)]
  0x00007ff064115800 JavaThread "Service Thread" daemon [_thread_blocked, id=8425, stack(0x00007ff0487ff000,0x00007ff048900000)]
  0x00007ff064117800 JavaThread "C2 CompilerThread0" daemon [_thread_blocked, id=8426, stack(0x00007ff0486fe000,0x00007ff0487ff000)]
  0x00007ff064119800 JavaThread "C1 CompilerThread0" daemon [_thread_blocked, id=8427, stack(0x00007ff0485fd000,0x00007ff0486fe000)]
  0x00007ff06411b800 JavaThread "Sweeper thread" daemon [_thread_blocked, id=8428, stack(0x00007ff0484fc000,0x00007ff0485fd000)]
  0x00007ff0641b6000 JavaThread "Common-Cleaner" daemon [_thread_blocked, id=8430, stack(0x00007ff0482f9000,0x00007ff0483fa000)]
  0x00007feff4014000 JavaThread "process reaper" daemon [_thread_in_native, id=8490, stack(0x00007ff068000000,0x00007ff068022000)]
  0x00007ff064235800 JavaThread "DisconnectableInputStream source reader" daemon [_thread_in_native, id=8627, stack(0x00007ff00aefd000,0x00007ff00affe000)]

Other Threads:
=>0x00007ff0640f0800 VMThread "VM Thread" [stack: 0x00007ff068189000,0x00007ff068289000] [id=8421]
  0x00007ff06402d800 GCTaskThread "GC Thread#0" [stack: 0x00007ff0695a1000,0x00007ff0696a1000] [id=8416]
  0x00007ff038001000 GCTaskThread "GC Thread#1" [stack: 0x00007ff0481f9000,0x00007ff0482f9000] [id=8448]
  0x00007ff038003800 GCTaskThread "GC Thread#2" [stack: 0x00007ff00bd00000,0x00007ff00be00000] [id=8469]
  0x00007ff038004800 GCTaskThread "GC Thread#3" [stack: 0x00007ff00b900000,0x00007ff00ba00000] [id=8470]
  0x00007ff064048000 ConcurrentGCThread "G1 Main Marker" [stack: 0x00007ff068adb000,0x00007ff068bdb000] [id=8417]
  0x00007ff06404a000 ConcurrentGCThread "G1 Conc#0" [stack: 0x00007ff0689d9000,0x00007ff068ad9000] [id=8418]
  0x00007ff06408b800 ConcurrentGCThread "G1 Refine#0" [stack: 0x00007ff0684d3000,0x00007ff0685d3000] [id=8419]
  0x00007ff06408d800 ConcurrentGCThread "G1 Young RemSet Sampling" [stack: 0x00007ff0683d1000,0x00007ff0684d1000] [id=8420]

Threads with active compile tasks:
C2 CompilerThread0  74975 1446       4       jdk.internal.org.objectweb.asm.Item::set (219 bytes)

VM state:at safepoint (shutting down)

VM Mutex/Monitor currently owned by a thread:  ([mutex/lock_event])
[0x00007ff064012760] Threads_lock - owner thread: 0x00007ff0640f0800

Heap address: 0x00000000c4000000, size: 960 MB, Compressed Oops mode: 32-bit
Narrow klass base: 0x0000000000000000, Narrow klass shift: 3
Compressed class space size: 1073741824 Address: 0x0000000100000000

Heap:
 garbage-first heap   total 61440K, used 26808K [0x00000000c4000000, 0x0000000100000000)
  region size 1024K, 20 young (20480K), 2 survivors (2048K)
 Metaspace       used 15990K, capacity 16295K, committed 16512K, reserved 1064960K
  class space    used 1783K, capacity 1882K, committed 1920K, reserved 1048576K
Heap Regions: E=young(eden), S=young(survivor), O=old, HS=humongous(starts), HC=humongous(continues), CS=collection set, F=free, A=archive, TAMS=top-at-mark-start (previous, next)
|   0|0x00000000c4000000, 0x00000000c4100000, 0x00000000c4100000|100%|HS|  |TAMS 0x00000000c4000000, 0x00000000c4000000| Complete 
|   1|0x00000000c4100000, 0x00000000c4200000, 0x00000000c4200000|100%|HC|  |TAMS 0x00000000c4100000, 0x00000000c4100000| Complete 
|   2|0x00000000c4200000, 0x00000000c4300000, 0x00000000c4300000|100%|HC|  |TAMS 0x00000000c4200000, 0x00000000c4200000| Complete 
|   3|0x00000000c4300000, 0x00000000c4400000, 0x00000000c4400000|100%| O|  |TAMS 0x00000000c4300000, 0x00000000c4300000| Untracked 
|   4|0x00000000c4400000, 0x00000000c4500000, 0x00000000c4500000|100%| O|  |TAMS 0x00000000c4400000, 0x00000000c4400000| Untracked 
|   5|0x00000000c4500000, 0x00000000c4600000, 0x00000000c4600000|100%| O|  |TAMS 0x00000000c4500000, 0x00000000c4500000| Untracked 
|   6|0x00000000c4600000, 0x00000000c4700000, 0x00000000c4700000|100%| O|  |TAMS 0x00000000c4600000, 0x00000000c4600000| Untracked 
|   7|0x00000000c4700000, 0x00000000c4775200, 0x00000000c4800000| 45%| O|  |TAMS 0x00000000c4700000, 0x00000000c4700000| Untracked 
|   8|0x00000000c4800000, 0x00000000c4800000, 0x00000000c4900000|  0%| F|  |TAMS 0x00000000c4800000, 0x00000000c4800000| Untracked 
|   9|0x00000000c4900000, 0x00000000c4900000, 0x00000000c4a00000|  0%| F|  |TAMS 0x00000000c4900000, 0x00000000c4900000| Untracked 
|  10|0x00000000c4a00000, 0x00000000c4a00000, 0x00000000c4b00000|  0%| F|  |TAMS 0x00000000c4a00000, 0x00000000c4a00000| Untracked 
|  11|0x00000000c4b00000, 0x00000000c4b00000, 0x00000000c4c00000|  0%| F|  |TAMS 0x00000000c4b00000, 0x00000000c4b00000| Untracked 
|  12|0x00000000c4c00000, 0x00000000c4c00000, 0x00000000c4d00000|  0%| F|  |TAMS 0x00000000c4c00000, 0x00000000c4c00000| Untracked 
|  13|0x00000000c4d00000, 0x00000000c4d00000, 0x00000000c4e00000|  0%| F|  |TAMS 0x00000000c4d00000, 0x00000000c4d00000| Untracked 
|  14|0x00000000c4e00000, 0x00000000c4e00000, 0x00000000c4f00000|  0%| F|  |TAMS 0x00000000c4e00000, 0x00000000c4e00000| Untracked 
|  15|0x00000000c4f00000, 0x00000000c4f00000, 0x00000000c5000000|  0%| F|  |TAMS 0x00000000c4f00000, 0x00000000c4f00000| Untracked 
|  16|0x00000000c5000000, 0x00000000c5000000, 0x00000000c5100000|  0%| F|  |TAMS 0x00000000c5000000, 0x00000000c5000000| Untracked 
|  17|0x00000000c5100000, 0x00000000c5100000, 0x00000000c5200000|  0%| F|  |TAMS 0x00000000c5100000, 0x00000000c5100000| Untracked 
|  18|0x00000000c5200000, 0x00000000c5200000, 0x00000000c5300000|  0%| F|  |TAMS 0x00000000c5200000, 0x00000000c5200000| Untracked 
|  19|0x00000000c5300000, 0x00000000c5300000, 0x00000000c5400000|  0%| F|  |TAMS 0x00000000c5300000, 0x00000000c5300000| Untracked 
|  20|0x00000000c5400000, 0x00000000c5400000, 0x00000000c5500000|  0%| F|  |TAMS 0x00000000c5400000, 0x00000000c5400000| Untracked 
|  21|0x00000000c5500000, 0x00000000c5500000, 0x00000000c5600000|  0%| F|  |TAMS 0x00000000c5500000, 0x00000000c5500000| Untracked 
|  22|0x00000000c5600000, 0x00000000c5600000, 0x00000000c5700000|  0%| F|  |TAMS 0x00000000c5600000, 0x00000000c5600000| Untracked 
|  23|0x00000000c5700000, 0x00000000c5700000, 0x00000000c5800000|  0%| F|  |TAMS 0x00000000c5700000, 0x00000000c5700000| Untracked 
|  24|0x00000000c5800000, 0x00000000c5800000, 0x00000000c5900000|  0%| F|  |TAMS 0x00000000c5800000, 0x00000000c5800000| Untracked 
|  25|0x00000000c5900000, 0x00000000c5900000, 0x00000000c5a00000|  0%| F|  |TAMS 0x00000000c5900000, 0x00000000c5900000| Untracked 
|  26|0x00000000c5a00000, 0x00000000c5a00000, 0x00000000c5b00000|  0%| F|  |TAMS 0x00000000c5a00000, 0x00000000c5a00000| Untracked 
|  27|0x00000000c5b00000, 0x00000000c5b00000, 0x00000000c5c00000|  0%| F|  |TAMS 0x00000000c5b00000, 0x00000000c5b00000| Untracked 
|  28|0x00000000c5c00000, 0x00000000c5c00000, 0x00000000c5d00000|  0%| F|  |TAMS 0x00000000c5c00000, 0x00000000c5c00000| Untracked 
|  29|0x00000000c5d00000, 0x00000000c5d00000, 0x00000000c5e00000|  0%| F|  |TAMS 0x00000000c5d00000, 0x00000000c5d00000| Untracked 
|  30|0x00000000c5e00000, 0x00000000c5e00000, 0x00000000c5f00000|  0%| F|  |TAMS 0x00000000c5e00000, 0x00000000c5e00000| Untracked 
|  31|0x00000000c5f00000, 0x00000000c5f00000, 0x00000000c6000000|  0%| F|  |TAMS 0x00000000c5f00000, 0x00000000c5f00000| Untracked 
|  32|0x00000000c6000000, 0x00000000c6000000, 0x00000000c6100000|  0%| F|  |TAMS 0x00000000c6000000, 0x00000000c6000000| Untracked 
|  33|0x00000000c6100000, 0x00000000c6100000, 0x00000000c6200000|  0%| F|  |TAMS 0x00000000c6100000, 0x00000000c6100000| Untracked 
|  34|0x00000000c6200000, 0x00000000c6200000, 0x00000000c6300000|  0%| F|  |TAMS 0x00000000c6200000, 0x00000000c6200000| Untracked 
|  35|0x00000000c6300000, 0x00000000c6300000, 0x00000000c6400000|  0%| F|  |TAMS 0x00000000c6300000, 0x00000000c6300000| Untracked 
|  36|0x00000000c6400000, 0x00000000c6400000, 0x00000000c6500000|  0%| F|  |TAMS 0x00000000c6400000, 0x00000000c6400000| Untracked 
|  37|0x00000000c6500000, 0x00000000c6500000, 0x00000000c6600000|  0%| F|  |TAMS 0x00000000c6500000, 0x00000000c6500000| Untracked 
|  38|0x00000000c6600000, 0x00000000c6600000, 0x00000000c6700000|  0%| F|  |TAMS 0x00000000c6600000, 0x00000000c6600000| Untracked 
|  39|0x00000000c6700000, 0x00000000c6700000, 0x00000000c6800000|  0%| F|  |TAMS 0x00000000c6700000, 0x00000000c6700000| Untracked 
|  40|0x00000000c6800000, 0x00000000c688a0f8, 0x00000000c6900000| 53%| E|  |TAMS 0x00000000c6800000, 0x00000000c6800000| Complete 
|  41|0x00000000c6900000, 0x00000000c6a00000, 0x00000000c6a00000|100%| E|CS|TAMS 0x00000000c6900000, 0x00000000c6900000| Complete 
|  42|0x00000000c6a00000, 0x00000000c6b00000, 0x00000000c6b00000|100%| E|CS|TAMS 0x00000000c6a00000, 0x00000000c6a00000| Complete 
|  43|0x00000000c6b00000, 0x00000000c6c00000, 0x00000000c6c00000|100%| E|CS|TAMS 0x00000000c6b00000, 0x00000000c6b00000| Complete 
|  44|0x00000000c6c00000, 0x00000000c6d00000, 0x00000000c6d00000|100%| E|CS|TAMS 0x00000000c6c00000, 0x00000000c6c00000| Complete 
|  45|0x00000000c6d00000, 0x00000000c6e00000, 0x00000000c6e00000|100%| E|CS|TAMS 0x00000000c6d00000, 0x00000000c6d00000| Complete 
|  46|0x00000000c6e00000, 0x00000000c6eb8f88, 0x00000000c6f00000| 72%| S|CS|TAMS 0x00000000c6e00000, 0x00000000c6e00000| Complete 
|  47|0x00000000c6f00000, 0x00000000c7000000, 0x00000000c7000000|100%| S|CS|TAMS 0x00000000c6f00000, 0x00000000c6f00000| Complete 
|  48|0x00000000c7000000, 0x00000000c7100000, 0x00000000c7100000|100%| E|CS|TAMS 0x00000000c7000000, 0x00000000c7000000| Complete 
|  49|0x00000000c7100000, 0x00000000c7200000, 0x00000000c7200000|100%| E|CS|TAMS 0x00000000c7100000, 0x00000000c7100000| Complete 
|  50|0x00000000c7200000, 0x00000000c7300000, 0x00000000c7300000|100%| E|CS|TAMS 0x00000000c7200000, 0x00000000c7200000| Complete 
|  51|0x00000000c7300000, 0x00000000c7400000, 0x00000000c7400000|100%| E|CS|TAMS 0x00000000c7300000, 0x00000000c7300000| Complete 
|  52|0x00000000c7400000, 0x00000000c7500000, 0x00000000c7500000|100%| E|CS|TAMS 0x00000000c7400000, 0x00000000c7400000| Complete 
|  53|0x00000000c7500000, 0x00000000c7600000, 0x00000000c7600000|100%| E|CS|TAMS 0x00000000c7500000, 0x00000000c7500000| Complete 
|  54|0x00000000c7600000, 0x00000000c7700000, 0x00000000c7700000|100%| E|CS|TAMS 0x00000000c7600000, 0x00000000c7600000| Complete 
|  55|0x00000000c7700000, 0x00000000c7800000, 0x00000000c7800000|100%| E|CS|TAMS 0x00000000c7700000, 0x00000000c7700000| Complete 
|  56|0x00000000c7800000, 0x00000000c7900000, 0x00000000c7900000|100%| E|CS|TAMS 0x00000000c7800000, 0x00000000c7800000| Complete 
|  57|0x00000000c7900000, 0x00000000c7a00000, 0x00000000c7a00000|100%| E|CS|TAMS 0x00000000c7900000, 0x00000000c7900000| Complete 
|  58|0x00000000c7a00000, 0x00000000c7b00000, 0x00000000c7b00000|100%| E|CS|TAMS 0x00000000c7a00000, 0x00000000c7a00000| Complete 
|  59|0x00000000c7b00000, 0x00000000c7c00000, 0x00000000c7c00000|100%| E|CS|TAMS 0x00000000c7b00000, 0x00000000c7b00000| Complete 

Card table byte_map: [0x00007ff068ddb000,0x00007ff068fbb000] _byte_map_base: 0x00007ff0687bb000

Marking Bits (Prev, Next): (CMBitMap*) 0x00007ff064043578, (CMBitMap*) 0x00007ff0640435b0
 Prev Bits: [0x00007ff050608000, 0x00007ff051508000)
 Next Bits: [0x00007ff04b100000, 0x00007ff04c000000)

Polling page: 0x00007ff06ae8b000

Metaspace:

Usage:
  Non-class:     14,08 MB capacity,    13,87 MB ( 99%) used,   182,10 KB (  1%) free+waste,    23,31 KB ( <1%) overhead. 
      Class:      1,84 MB capacity,     1,74 MB ( 95%) used,    87,67 KB (  5%) free+waste,    11,25 KB ( <1%) overhead. 
       Both:     15,91 MB capacity,    15,62 MB ( 98%) used,   269,77 KB (  2%) free+waste,    34,56 KB ( <1%) overhead. 

Virtual space:
  Non-class space:       16,00 MB reserved,      14,25 MB ( 89%) committed 
      Class space:        1,00 GB reserved,       1,88 MB ( <1%) committed 
             Both:        1,02 GB reserved,      16,12 MB (  2%) committed 

Chunk freelists:
   Non-Class:  63,00 KB
       Class:  6,00 KB
        Both:  69,00 KB

MaxMetaspaceSize: unlimited
CompressedClassSpaceSize: 1,00 GB
Initial GC threshold: 20,80 MB
Current GC threshold: 20,80 MB
CDS: off

CodeHeap 'non-profiled nmethods': size=120032Kb used=489Kb max_used=489Kb free=119542Kb
 bounds [0x00007ff058fd0000, 0x00007ff059240000, 0x00007ff060508000]
CodeHeap 'profiled nmethods': size=120032Kb used=2666Kb max_used=2666Kb free=117366Kb
 bounds [0x00007ff051a98000, 0x00007ff051d38000, 0x00007ff058fd0000]
CodeHeap 'non-nmethods': size=5696Kb used=1156Kb max_used=1170Kb free=4539Kb
 bounds [0x00007ff051508000, 0x00007ff051778000, 0x00007ff051a98000]
 total_blobs=1863 nmethods=1444 adapters=333
 compilation: enabled
              stopped_count=0, restarted_count=0
 full_count=0

Compilation events (20 events):
Event: 69,625 Thread 0x00007ff064117800 nmethod 1435 0x00007ff059049d90 code [0x00007ff059049f20, 0x00007ff059049fb8]
Event: 70,270 Thread 0x00007ff064117800 1436       4       java.nio.Buffer::position (52 bytes)
Event: 70,271 Thread 0x00007ff064117800 nmethod 1436 0x00007ff05904a090 code [0x00007ff05904a220, 0x00007ff05904a2d8]
Event: 70,280 Thread 0x00007ff064119800 1444   !   3       sun.nio.ch.SelectorImpl::lockAndDoSelect (87 bytes)
Event: 70,281 Thread 0x00007ff064119800 nmethod 1444 0x00007ff051d2b310 code [0x00007ff051d2b540, 0x00007ff051d2be60]
Event: 70,281 Thread 0x00007ff064119800 1445       3       java.nio.channels.spi.AbstractSelector::begin (48 bytes)
Event: 70,282 Thread 0x00007ff064119800 nmethod 1445 0x00007ff051d2c310 code [0x00007ff051d2c540, 0x00007ff051d2ce70]
Event: 70,282 Thread 0x00007ff064119800 1437   !   3       sun.nio.ch.SocketChannelImpl::read (245 bytes)
Event: 70,286 Thread 0x00007ff064119800 nmethod 1437 0x00007ff051d2d190 code [0x00007ff051d2d560, 0x00007ff051d2eea0]
Event: 70,286 Thread 0x00007ff064119800 1438   !   3       sun.nio.ch.SocketChannelImpl::beginRead (37 bytes)
Event: 70,287 Thread 0x00007ff064119800 nmethod 1438 0x00007ff051d2f990 code [0x00007ff051d2fba0, 0x00007ff051d30120]
Event: 70,287 Thread 0x00007ff064119800 1439       3       sun.nio.ch.IOUtil::read (11 bytes)
Event: 70,287 Thread 0x00007ff064119800 nmethod 1439 0x00007ff051d30390 code [0x00007ff051d30540, 0x00007ff051d30660]
Event: 70,287 Thread 0x00007ff064119800 1440   !   3       sun.nio.ch.IOUtil::read (129 bytes)
Event: 70,290 Thread 0x00007ff064119800 nmethod 1440 0x00007ff051d30710 code [0x00007ff051d30980, 0x00007ff051d31260]
Event: 70,290 Thread 0x00007ff064119800 1441       3       sun.nio.ch.IOUtil::readIntoNativeBuffer (157 bytes)
Event: 70,291 Thread 0x00007ff064119800 nmethod 1441 0x00007ff051d31610 code [0x00007ff051d31860, 0x00007ff051d321a0]
Event: 70,291 Thread 0x00007ff064119800 1442       3       sun.nio.ch.SocketDispatcher::read (8 bytes)
Event: 70,291 Thread 0x00007ff064119800 nmethod 1442 0x00007ff051d32490 code [0x00007ff051d32640, 0x00007ff051d32760]
Event: 74,616 Thread 0x00007ff064117800 1446       4       jdk.internal.org.objectweb.asm.Item::set (219 bytes)

GC Heap History (6 events):
Event: 1,261 GC heap before
{Heap before GC invocations=0 (full 0):
 garbage-first heap   total 61440K, used 16384K [0x00000000c4000000, 0x0000000100000000)
  region size 1024K, 14 young (14336K), 0 survivors (0K)
 Metaspace       used 7813K, capacity 8017K, committed 8192K, reserved 1056768K
  class space    used 689K, capacity 754K, committed 768K, reserved 1048576K
}
Event: 1,297 GC heap after
{Heap after GC invocations=1 (full 0):
 garbage-first heap   total 61440K, used 3565K [0x00000000c4000000, 0x0000000100000000)
  region size 1024K, 2 young (2048K), 2 survivors (2048K)
 Metaspace       used 7813K, capacity 8017K, committed 8192K, reserved 1056768K
  class space    used 689K, capacity 754K, committed 768K, reserved 1048576K
}
Event: 1,738 GC heap before
{Heap before GC invocations=1 (full 0):
 garbage-first heap   total 61440K, used 9709K [0x00000000c4000000, 0x0000000100000000)
  region size 1024K, 6 young (6144K), 2 survivors (2048K)
 Metaspace       used 8345K, capacity 8567K, committed 8832K, reserved 1056768K
  class space    used 757K, capacity 852K, committed 896K, reserved 1048576K
}
Event: 1,748 GC heap after
{Heap after GC invocations=2 (full 0):
 garbage-first heap   total 61440K, used 8660K [0x00000000c4000000, 0x0000000100000000)
  region size 1024K, 1 young (1024K), 1 survivors (1024K)
 Metaspace       used 8345K, capacity 8567K, committed 8832K, reserved 1056768K
  class space    used 757K, capacity 852K, committed 896K, reserved 1048576K
}
Event: 2,701 GC heap before
{Heap before GC invocations=2 (full 0):
 garbage-first heap   total 61440K, used 19924K [0x00000000c4000000, 0x0000000100000000)
  region size 1024K, 12 young (12288K), 1 survivors (1024K)
 Metaspace       used 11366K, capacity 11619K, committed 11904K, reserved 1060864K
  class space    used 1234K, capacity 1343K, committed 1408K, reserved 1048576K
}
Event: 2,710 GC heap after
{Heap after GC invocations=3 (full 0):
 garbage-first heap   total 61440K, used 9400K [0x00000000c4000000, 0x0000000100000000)
  region size 1024K, 2 young (2048K), 2 survivors (2048K)
 Metaspace       used 11366K, capacity 11619K, committed 11904K, reserved 1060864K
  class space    used 1234K, capacity 1343K, committed 1408K, reserved 1048576K
}

Deoptimization events (20 events):
Event: 3,309 Thread 0x00007ff064a9f000 Uncommon trap: trap_request=0xffffff4d fr.pc=0x00007ff058ff4c94 relative=0x0000000000000454
Event: 3,309 Thread 0x00007ff064a9f000 Uncommon trap: reason=unstable_if action=reinterpret pc=0x00007ff058ff4c94 method=java.lang.AbstractStringBuilder.putStringAt(ILjava/lang/String;)V @ 8 c2
Event: 3,309 Thread 0x00007ff064a9f000 DEOPT PACKING pc=0x00007ff058ff4c94 sp=0x00007ff00b1fe420
Event: 3,309 Thread 0x00007ff064a9f000 DEOPT UNPACKING pc=0x00007ff051551ea5 sp=0x00007ff00b1fe338 mode 2
Event: 3,309 Thread 0x00007ff064a9f000 Uncommon trap: trap_request=0xffffff4d fr.pc=0x00007ff058fe5c6c relative=0x000000000000042c
Event: 3,309 Thread 0x00007ff064a9f000 Uncommon trap: reason=unstable_if action=reinterpret pc=0x00007ff058fe5c6c method=java.lang.AbstractStringBuilder.putStringAt(ILjava/lang/String;)V @ 8 c2
Event: 3,309 Thread 0x00007ff064a9f000 DEOPT PACKING pc=0x00007ff058fe5c6c sp=0x00007ff00b1fe3d0
Event: 3,309 Thread 0x00007ff064a9f000 DEOPT UNPACKING pc=0x00007ff051551ea5 sp=0x00007ff00b1fe340 mode 2
Event: 3,309 Thread 0x00007ff064a9f000 Uncommon trap: trap_request=0xffffff4d fr.pc=0x00007ff058fe62e0 relative=0x00000000000000c0
Event: 3,309 Thread 0x00007ff064a9f000 Uncommon trap: reason=unstable_if action=reinterpret pc=0x00007ff058fe62e0 method=java.lang.String.getBytes([BIB)V @ 5 c2
Event: 3,309 Thread 0x00007ff064a9f000 DEOPT PACKING pc=0x00007ff058fe62e0 sp=0x00007ff00b1fe2f0
Event: 3,309 Thread 0x00007ff064a9f000 DEOPT UNPACKING pc=0x00007ff051551ea5 sp=0x00007ff00b1fe2b8 mode 2
Event: 3,309 Thread 0x00007ff064a9f000 Uncommon trap: trap_request=0xffffff4d fr.pc=0x00007ff059001324 relative=0x0000000000000364
Event: 3,309 Thread 0x00007ff064a9f000 Uncommon trap: reason=unstable_if action=reinterpret pc=0x00007ff059001324 method=java.lang.AbstractStringBuilder.isLatin1()Z @ 10 c2
Event: 3,309 Thread 0x00007ff064a9f000 DEOPT PACKING pc=0x00007ff059001324 sp=0x00007ff00b1fe450
Event: 3,309 Thread 0x00007ff064a9f000 DEOPT UNPACKING pc=0x00007ff051551ea5 sp=0x00007ff00b1fe3d0 mode 2
Event: 17,389 Thread 0x00007ff064016000 Uncommon trap: trap_request=0xffffff4d fr.pc=0x00007ff059035d10 relative=0x00000000000003d0
Event: 17,390 Thread 0x00007ff064016000 Uncommon trap: reason=unstable_if action=reinterpret pc=0x00007ff059035d10 method=java.lang.String.substring(I)Ljava/lang/String; @ 34 c2
Event: 17,390 Thread 0x00007ff064016000 DEOPT PACKING pc=0x00007ff059035d10 sp=0x00007ff069a2c6c0
Event: 17,390 Thread 0x00007ff064016000 DEOPT UNPACKING pc=0x00007ff051551ea5 sp=0x00007ff069a2c698 mode 2

Classes redefined (0 events):
No events

Internal exceptions (15 events):
Event: 0,324 Thread 0x00007ff064016000 Exception <a 'java/lang/NoSuchMethodError'{0x00000000c7a7d560}: 'int java.lang.invoke.DirectMethodHandle$Holder.invokeSpecialIFC(java.lang.Object, java.lang.Object, int)'> (0x00000000c7a7d560) thrown at [src/hotspot/share/interpreter/linkResolver.cpp, line 773]
Event: 0,511 Thread 0x00007ff064016000 Exception <a 'java/lang/NoSuchMethodError'{0x00000000c79f5b60}: 'int java.lang.invoke.DirectMethodHandle$Holder.invokeStaticInit(java.lang.Object, java.lang.Object)'> (0x00000000c79f5b60) thrown at [src/hotspot/share/interpreter/linkResolver.cpp, line 773]
Event: 0,548 Thread 0x00007ff064016000 Exception <a 'java/lang/NoSuchMethodError'{0x00000000c78d7128}: 'int java.lang.invoke.DirectMethodHandle$Holder.invokeSpecial(java.lang.Object, java.lang.Object, java.lang.Object, java.lang.Object)'> (0x00000000c78d7128) thrown at [src/hotspot/share/interpreter/linkResolver.cpp, line 773]
Event: 2,160 Thread 0x00007ff064016000 Implicit null exception at 0x00007ff05900fa75 to 0x00007ff05900fc60
Event: 2,209 Thread 0x00007ff064016000 Exception <a 'java/lang/NoClassDefFoundError'{0x00000000c761f328}: org/slf4j/impl/StaticMarkerBinder> (0x00000000c761f328) thrown at [src/hotspot/share/classfile/systemDictionary.cpp, line 220]
Event: 2,287 Thread 0x00007ff064016000 Exception <a 'java/lang/NoSuchMethodError'{0x00000000c7514078}: 'java.lang.Object java.lang.invoke.DirectMethodHandle$Holder.invokeVirtual(java.lang.Object, java.lang.Object, java.lang.Object, java.lang.Object, java.lang.Object, java.lang.Object, java.lang.Object)'> (0x00000000c7514078) thrown at [src/hotspot/share/interpreter/linkResolver.cpp, line 773]
Event: 2,299 Thread 0x00007ff064016000 Exception <a 'java/lang/NoSuchMethodError'{0x00000000c7527ab0}: 'java.lang.Object java.lang.invoke.Invokers$Holder.invoker(java.lang.Object, java.lang.Object, java.lang.Object)'> (0x00000000c7527ab0) thrown at [src/hotspot/share/interpreter/linkResolver.cpp, line 773]
Event: 2,315 Thread 0x00007ff064016000 Exception <a 'java/lang/NoSuchMethodError'{0x00000000c7538730}: 'void java.lang.invoke.DelegatingMethodHandle$Holder.delegate(java.lang.Object, java.lang.Object, int, java.lang.Object)'> (0x00000000c7538730) thrown at [src/hotspot/share/interpreter/linkResolver.cpp, line 773]
Event: 2,693 Thread 0x00007ff064016000 Exception <a 'java/lang/NoSuchMethodError'{0x00000000c70bb998}: 'java.lang.Object java.lang.invoke.DirectMethodHandle$Holder.invokeInterface(java.lang.Object, java.lang.Object, java.lang.Object)'> (0x00000000c70bb998) thrown at [src/hotspot/share/interpreter/linkResolver.cpp, line 773]
Event: 2,948 Thread 0x00007ff064016000 Exception <a 'java/lang/NoSuchMethodError'{0x00000000c7976d58}: 'java.lang.Object java.lang.invoke.DirectMethodHandle$Holder.invokeStaticInit(java.lang.Object, java.lang.Object, java.lang.Object)'> (0x00000000c7976d58) thrown at [src/hotspot/share/interpreter/linkResolver.cpp, line 773]
Event: 3,243 Thread 0x00007ff064a9f000 Exception <a 'java/lang/NoSuchMethodError'{0x00000000c6a12c08}: 'java.lang.Object java.lang.invoke.DirectMethodHandle$Holder.invokeStaticInit(java.lang.Object, java.lang.Object, long, java.lang.Object)'> (0x00000000c6a12c08) thrown at [src/hotspot/share/interpreter/linkResolver.cpp, line 773]
Event: 3,246 Thread 0x00007ff064a9f000 Exception <a 'java/lang/NoSuchMethodError'{0x00000000c6a1ed28}: 'java.lang.Object java.lang.invoke.Invokers$Holder.linkToTargetMethod(java.lang.Object, long, java.lang.Object)'> (0x00000000c6a1ed28) thrown at [src/hotspot/share/interpreter/linkResolver.cpp, line 773]
Event: 3,247 Thread 0x00007ff064a9f000 Exception <a 'java/lang/NoSuchMethodError'{0x00000000c6a24df8}: 'java.lang.Object java.lang.invoke.DirectMethodHandle$Holder.invokeStatic(java.lang.Object, java.lang.Object, java.lang.Object, int)'> (0x00000000c6a24df8) thrown at [src/hotspot/share/interpreter/linkResolver.cpp, line 773]
Event: 3,248 Thread 0x00007ff064a9f000 Exception <a 'java/lang/NoSuchMethodError'{0x00000000c6a28a70}: 'java.lang.Object java.lang.invoke.DirectMethodHandle$Holder.invokeSpecial(java.lang.Object, java.lang.Object, java.lang.Object, java.lang.Object, int)'> (0x00000000c6a28a70) thrown at [src/hotspot/share/interpreter/linkResolver.cpp, line 773]
Event: 3,249 Thread 0x00007ff064a9f000 Exception <a 'java/lang/NoSuchMethodError'{0x00000000c6a2bf08}: 'java.lang.Object java.lang.invoke.Invokers$Holder.linkToTargetMethod(java.lang.Object, java.lang.Object, int, java.lang.Object)'> (0x00000000c6a2bf08) thrown at [src/hotspot/share/interpreter/linkResolver.cpp, line 773]

Events (20 events):
Event: 74,626 loading class org/gradle/launcher/bootstrap/ProcessCompleter
Event: 74,626 loading class org/gradle/launcher/bootstrap/ProcessCompleter done
Event: 74,626 Executing VM operation: RevokeBias done
Event: 74,627 Thread 0x00007ff06492a800 Thread exited: 0x00007ff06492a800
Event: 74,628 loading class java/util/IdentityHashMap$KeyIterator
Event: 74,629 loading class java/util/IdentityHashMap$IdentityHashMapIterator
Event: 74,629 loading class java/util/IdentityHashMap$IdentityHashMapIterator done
Event: 74,629 loading class java/util/IdentityHashMap$KeyIterator done
Event: 74,630 Thread 0x00007ff06492a800 Thread added: 0x00007ff06492a800
Event: 74,630 Protecting memory [0x00007ff0480f6000,0x00007ff0480fa000] with protection modes 0
Event: 74,631 Executing VM operation: RevokeBias
Event: 74,632 Executing VM operation: RevokeBias done
Event: 74,633 Executing VM operation: RevokeBias
Event: 74,633 Executing VM operation: RevokeBias done
Event: 74,633 Executing VM operation: RevokeBias
Event: 74,633 Executing VM operation: RevokeBias done
Event: 74,633 Executing VM operation: RevokeBias
Event: 74,633 Executing VM operation: RevokeBias done
Event: 74,634 Thread 0x00007ff06492a800 Thread exited: 0x00007ff06492a800
Event: 74,637 Executing VM operation: Exit


Dynamic libraries:
00200000-00201000 r--p 00000000 07:01 66                                 /snap/android-studio/125/android-studio/jre/bin/java
00201000-00202000 r-xp 00000000 07:01 66                                 /snap/android-studio/125/android-studio/jre/bin/java
00202000-00203000 r--p 00000000 07:01 66                                 /snap/android-studio/125/android-studio/jre/bin/java
00203000-00204000 rw-p 00000000 07:01 66                                 /snap/android-studio/125/android-studio/jre/bin/java
003c5000-003e6000 rw-p 00000000 00:00 0                                  [heap]
c4000000-c7c00000 rw-p 00000000 00:00 0 
c7c00000-100000000 ---p 00000000 00:00 0 
100000000-1001e0000 rw-p 00000000 00:00 0 
1001e0000-140000000 ---p 00000000 00:00 0 
7fefec000000-7fefec021000 rw-p 00000000 00:00 0 
7fefec021000-7feff0000000 ---p 00000000 00:00 0 
7feff0000000-7feff0021000 rw-p 00000000 00:00 0 
7feff0021000-7feff4000000 ---p 00000000 00:00 0 
7feff4000000-7feff4048000 rw-p 00000000 00:00 0 
7feff4048000-7feff8000000 ---p 00000000 00:00 0 
7feff8000000-7feff8021000 rw-p 00000000 00:00 0 
7feff8021000-7feffc000000 ---p 00000000 00:00 0 
7feffc000000-7feffc021000 rw-p 00000000 00:00 0 
7feffc021000-7ff000000000 ---p 00000000 00:00 0 
7ff000000000-7ff000021000 rw-p 00000000 00:00 0 
7ff000021000-7ff004000000 ---p 00000000 00:00 0 
7ff004000000-7ff004021000 rw-p 00000000 00:00 0 
7ff004021000-7ff008000000 ---p 00000000 00:00 0 
7ff00acfd000-7ff00ad3d000 rw-p 00000000 00:00 0 
7ff00ad3d000-7ff00aefd000 ---p 00000000 00:00 0 
7ff00aefd000-7ff00af01000 ---p 00000000 00:00 0 
7ff00af01000-7ff00affe000 rw-p 00000000 00:00 0 
7ff00affe000-7ff00b002000 ---p 00000000 00:00 0 
7ff00b002000-7ff00b0ff000 rw-p 00000000 00:00 0 
7ff00b0ff000-7ff00b103000 ---p 00000000 00:00 0 
7ff00b103000-7ff00b400000 rw-p 00000000 00:00 0 
7ff00b400000-7ff00b600000 rw-p 00000000 00:00 0 
7ff00b600000-7ff00b604000 r-xp 00000000 08:02 2790272                    /home/ldyv/.gradle/native/e1d6ef7f7dcc3fd88c89a11ec53ec762bb8ba0a96d01ffa2cd45eb1d1d8dd5c5/linux-amd64-ncurses5/libnative-platform-curses.so
7ff00b604000-7ff00b803000 ---p 00004000 08:02 2790272                    /home/ldyv/.gradle/native/e1d6ef7f7dcc3fd88c89a11ec53ec762bb8ba0a96d01ffa2cd45eb1d1d8dd5c5/linux-amd64-ncurses5/libnative-platform-curses.so
7ff00b803000-7ff00b804000 r--p 00003000 08:02 2790272                    /home/ldyv/.gradle/native/e1d6ef7f7dcc3fd88c89a11ec53ec762bb8ba0a96d01ffa2cd45eb1d1d8dd5c5/linux-amd64-ncurses5/libnative-platform-curses.so
7ff00b804000-7ff00b805000 rw-p 00004000 08:02 2790272                    /home/ldyv/.gradle/native/e1d6ef7f7dcc3fd88c89a11ec53ec762bb8ba0a96d01ffa2cd45eb1d1d8dd5c5/linux-amd64-ncurses5/libnative-platform-curses.so
7ff00b8fe000-7ff00b8ff000 ---p 00000000 00:00 0 
7ff00b8ff000-7ff00ba00000 rw-p 00000000 00:00 0 
7ff00ba00000-7ff00ba05000 r-xp 00000000 08:02 2790265                    /home/ldyv/.gradle/native/e1d6ef7f7dcc3fd88c89a11ec53ec762bb8ba0a96d01ffa2cd45eb1d1d8dd5c5/linux-amd64/libnative-platform.so
7ff00ba05000-7ff00bc05000 ---p 00005000 08:02 2790265                    /home/ldyv/.gradle/native/e1d6ef7f7dcc3fd88c89a11ec53ec762bb8ba0a96d01ffa2cd45eb1d1d8dd5c5/linux-amd64/libnative-platform.so
7ff00bc05000-7ff00bc06000 r--p 00005000 08:02 2790265                    /home/ldyv/.gradle/native/e1d6ef7f7dcc3fd88c89a11ec53ec762bb8ba0a96d01ffa2cd45eb1d1d8dd5c5/linux-amd64/libnative-platform.so
7ff00bc06000-7ff00bc07000 rw-p 00006000 08:02 2790265                    /home/ldyv/.gradle/native/e1d6ef7f7dcc3fd88c89a11ec53ec762bb8ba0a96d01ffa2cd45eb1d1d8dd5c5/linux-amd64/libnative-platform.so
7ff00bcfe000-7ff00bcff000 ---p 00000000 00:00 0 
7ff00bcff000-7ff00c000000 rw-p 00000000 00:00 0 
7ff00c000000-7ff00c021000 rw-p 00000000 00:00 0 
7ff00c021000-7ff010000000 ---p 00000000 00:00 0 
7ff010000000-7ff010021000 rw-p 00000000 00:00 0 
7ff010021000-7ff014000000 ---p 00000000 00:00 0 
7ff014000000-7ff014021000 rw-p 00000000 00:00 0 
7ff014021000-7ff018000000 ---p 00000000 00:00 0 
7ff018000000-7ff018021000 rw-p 00000000 00:00 0 
7ff018021000-7ff01c000000 ---p 00000000 00:00 0 
7ff01c000000-7ff01c467000 rw-p 00000000 00:00 0 
7ff01c467000-7ff020000000 ---p 00000000 00:00 0 
7ff020000000-7ff0202fb000 rw-p 00000000 00:00 0 
7ff0202fb000-7ff024000000 ---p 00000000 00:00 0 
7ff024000000-7ff024021000 rw-p 00000000 00:00 0 
7ff024021000-7ff028000000 ---p 00000000 00:00 0 
7ff028000000-7ff028021000 rw-p 00000000 00:00 0 
7ff028021000-7ff02c000000 ---p 00000000 00:00 0 
7ff02c000000-7ff02c021000 rw-p 00000000 00:00 0 
7ff02c021000-7ff030000000 ---p 00000000 00:00 0 
7ff030000000-7ff030021000 rw-p 00000000 00:00 0 
7ff030021000-7ff034000000 ---p 00000000 00:00 0 
7ff034000000-7ff034021000 rw-p 00000000 00:00 0 
7ff034021000-7ff038000000 ---p 00000000 00:00 0 
7ff038000000-7ff038090000 rw-p 00000000 00:00 0 
7ff038090000-7ff03c000000 ---p 00000000 00:00 0 
7ff03c000000-7ff03c021000 rw-p 00000000 00:00 0 
7ff03c021000-7ff040000000 ---p 00000000 00:00 0 
7ff040000000-7ff040021000 rw-p 00000000 00:00 0 
7ff040021000-7ff044000000 ---p 00000000 00:00 0 
7ff044000000-7ff044021000 rw-p 00000000 00:00 0 
7ff044021000-7ff048000000 ---p 00000000 00:00 0 
7ff0480f6000-7ff0480fa000 ---p 00000000 00:00 0 
7ff0480fa000-7ff0481f7000 rw-p 00000000 00:00 0 
7ff0481f7000-7ff0481f8000 ---p 00000000 00:00 0 
7ff0481f8000-7ff0482f9000 rw-p 00000000 00:00 0 
7ff0482f9000-7ff0482fd000 ---p 00000000 00:00 0 
7ff0482fd000-7ff0483fa000 rw-p 00000000 00:00 0 
7ff0483fa000-7ff0483fb000 ---p 00000000 00:00 0 
7ff0483fb000-7ff0484fc000 rw-p 00000000 00:00 0 
7ff0484fc000-7ff048500000 ---p 00000000 00:00 0 
7ff048500000-7ff0485fd000 rw-p 00000000 00:00 0 
7ff0485fd000-7ff048601000 ---p 00000000 00:00 0 
7ff048601000-7ff0486fe000 rw-p 00000000 00:00 0 
7ff0486fe000-7ff048702000 ---p 00000000 00:00 0 
7ff048702000-7ff0487ff000 rw-p 00000000 00:00 0 
7ff0487ff000-7ff048803000 ---p 00000000 00:00 0 
7ff048803000-7ff04b1f0000 rw-p 00000000 00:00 0 
7ff04b1f0000-7ff04c000000 ---p 00000000 00:00 0 
7ff04c000000-7ff04c021000 rw-p 00000000 00:00 0 
7ff04c021000-7ff050000000 ---p 00000000 00:00 0 
7ff0500d3000-7ff0500e0000 r--p 00000000 08:02 6435253                    /usr/lib/x86_64-linux-gnu/libtinfo.so.5.9
7ff0500e0000-7ff0500ec000 r-xp 0000d000 08:02 6435253                    /usr/lib/x86_64-linux-gnu/libtinfo.so.5.9
7ff0500ec000-7ff0500fa000 r--p 00019000 08:02 6435253                    /usr/lib/x86_64-linux-gnu/libtinfo.so.5.9
7ff0500fa000-7ff0500fe000 r--p 00026000 08:02 6435253                    /usr/lib/x86_64-linux-gnu/libtinfo.so.5.9
7ff0500fe000-7ff0500ff000 rw-p 0002a000 08:02 6435253                    /usr/lib/x86_64-linux-gnu/libtinfo.so.5.9
7ff0500ff000-7ff050103000 ---p 00000000 00:00 0 
7ff050103000-7ff050200000 rw-p 00000000 00:00 0 
7ff050200000-7ff0504e8000 r--p 00000000 08:02 6423317                    /usr/lib/locale/locale-archive
7ff050507000-7ff05050b000 ---p 00000000 00:00 0 
7ff05050b000-7ff0506f8000 rw-p 00000000 00:00 0 
7ff0506f8000-7ff051508000 ---p 00000000 00:00 0 
7ff051508000-7ff051778000 rwxp 00000000 00:00 0 
7ff051778000-7ff051a98000 ---p 00000000 00:00 0 
7ff051a98000-7ff051d38000 rwxp 00000000 00:00 0 
7ff051d38000-7ff058fd0000 ---p 00000000 00:00 0 
7ff058fd0000-7ff059240000 rwxp 00000000 00:00 0 
7ff059240000-7ff060508000 ---p 00000000 00:00 0 
7ff060508000-7ff064000000 r--s 00000000 07:01 486                        /snap/android-studio/125/android-studio/jre/lib/modules
7ff064000000-7ff064af6000 rw-p 00000000 00:00 0 
7ff064af6000-7ff068000000 ---p 00000000 00:00 0 
7ff068000000-7ff068004000 ---p 00000000 00:00 0 
7ff068004000-7ff068022000 rw-p 00000000 00:00 0 
7ff068022000-7ff068029000 r--s 00000000 08:02 271525                     /usr/lib/x86_64-linux-gnu/gconv/gconv-modules.cache
7ff068029000-7ff06802a000 r--p 00000000 07:01 456                        /snap/android-studio/125/android-studio/jre/lib/libextnet.so
7ff06802a000-7ff06802c000 r-xp 00000000 07:01 456                        /snap/android-studio/125/android-studio/jre/lib/libextnet.so
7ff06802c000-7ff06802d000 r--p 00001000 07:01 456                        /snap/android-studio/125/android-studio/jre/lib/libextnet.so
7ff06802d000-7ff06802e000 rw-p 00001000 07:01 456                        /snap/android-studio/125/android-studio/jre/lib/libextnet.so
7ff06802e000-7ff068031000 r--p 00000000 07:01 473                        /snap/android-studio/125/android-studio/jre/lib/libmanagement_ext.so
7ff068031000-7ff068034000 r-xp 00002000 07:01 473                        /snap/android-studio/125/android-studio/jre/lib/libmanagement_ext.so
7ff068034000-7ff068035000 r--p 00004000 07:01 473                        /snap/android-studio/125/android-studio/jre/lib/libmanagement_ext.so
7ff068035000-7ff068036000 rw-p 00004000 07:01 473                        /snap/android-studio/125/android-studio/jre/lib/libmanagement_ext.so
7ff068036000-7ff068039000 r--p 00000000 07:01 471                        /snap/android-studio/125/android-studio/jre/lib/libmanagement.so
7ff068039000-7ff06803b000 r-xp 00002000 07:01 471                        /snap/android-studio/125/android-studio/jre/lib/libmanagement.so
7ff06803b000-7ff06803c000 r--p 00003000 07:01 471                        /snap/android-studio/125/android-studio/jre/lib/libmanagement.so
7ff06803c000-7ff06803d000 rw-p 00003000 07:01 471                        /snap/android-studio/125/android-studio/jre/lib/libmanagement.so
7ff06803d000-7ff06806e000 rw-p 00000000 00:00 0 
7ff06806e000-7ff068075000 r--p 00000000 07:01 475                        /snap/android-studio/125/android-studio/jre/lib/libnet.so
7ff068075000-7ff068083000 r-xp 00006000 07:01 475                        /snap/android-studio/125/android-studio/jre/lib/libnet.so
7ff068083000-7ff068084000 r--p 00013000 07:01 475                        /snap/android-studio/125/android-studio/jre/lib/libnet.so
7ff068084000-7ff068086000 rw-p 00013000 07:01 475                        /snap/android-studio/125/android-studio/jre/lib/libnet.so
7ff068086000-7ff06808a000 ---p 00000000 00:00 0 
7ff06808a000-7ff068187000 rw-p 00000000 00:00 0 
7ff068187000-7ff068188000 ---p 00000000 00:00 0 
7ff068188000-7ff0683cf000 rw-p 00000000 00:00 0 
7ff0683cf000-7ff0683d0000 ---p 00000000 00:00 0 
7ff0683d0000-7ff0684d1000 rw-p 00000000 00:00 0 
7ff0684d1000-7ff0684d2000 ---p 00000000 00:00 0 
7ff0684d2000-7ff0689d7000 rw-p 00000000 00:00 0 
7ff0689d7000-7ff0689d8000 ---p 00000000 00:00 0 
7ff0689d8000-7ff068ad9000 rw-p 00000000 00:00 0 
7ff068ad9000-7ff068ada000 ---p 00000000 00:00 0 
7ff068ada000-7ff068c19000 rw-p 00000000 00:00 0 
7ff068c19000-7ff068ddb000 ---p 00000000 00:00 0 
7ff068ddb000-7ff068df9000 rw-p 00000000 00:00 0 
7ff068df9000-7ff068fbb000 ---p 00000000 00:00 0 
7ff068fbb000-7ff068fd9000 rw-p 00000000 00:00 0 
7ff068fd9000-7ff06919b000 ---p 00000000 00:00 0 
7ff06919b000-7ff06959f000 rw-p 00000000 00:00 0 
7ff06959f000-7ff0695a0000 ---p 00000000 00:00 0 
7ff0695a0000-7ff0696a6000 rw-p 00000000 00:00 0 
7ff0696a6000-7ff06978c000 ---p 00000000 00:00 0 
7ff06978c000-7ff069792000 rw-p 00000000 00:00 0 
7ff069792000-7ff069877000 ---p 00000000 00:00 0 
7ff069877000-7ff069880000 r--p 00000000 07:01 485                        /snap/android-studio/125/android-studio/jre/lib/libzip.so
7ff069880000-7ff069894000 r-xp 00008000 07:01 485                        /snap/android-studio/125/android-studio/jre/lib/libzip.so
7ff069894000-7ff069895000 r--p 0001b000 07:01 485                        /snap/android-studio/125/android-studio/jre/lib/libzip.so
7ff069895000-7ff069896000 rw-p 0001b000 07:01 485                        /snap/android-studio/125/android-studio/jre/lib/libzip.so
7ff069896000-7ff069899000 r--p 00000000 08:02 6426500                    /usr/lib/x86_64-linux-gnu/libnss_files-2.31.so
7ff069899000-7ff0698a0000 r-xp 00003000 08:02 6426500                    /usr/lib/x86_64-linux-gnu/libnss_files-2.31.so
7ff0698a0000-7ff0698a2000 r--p 0000a000 08:02 6426500                    /usr/lib/x86_64-linux-gnu/libnss_files-2.31.so
7ff0698a2000-7ff0698a3000 r--p 0000b000 08:02 6426500                    /usr/lib/x86_64-linux-gnu/libnss_files-2.31.so
7ff0698a3000-7ff0698a4000 rw-p 0000c000 08:02 6426500                    /usr/lib/x86_64-linux-gnu/libnss_files-2.31.so
7ff0698a4000-7ff0698aa000 rw-p 00000000 00:00 0 
7ff0698aa000-7ff0698b2000 r--p 00000000 07:01 476                        /snap/android-studio/125/android-studio/jre/lib/libnio.so
7ff0698b2000-7ff0698b9000 r-xp 00007000 07:01 476                        /snap/android-studio/125/android-studio/jre/lib/libnio.so
7ff0698b9000-7ff0698bb000 r--p 0000d000 07:01 476                        /snap/android-studio/125/android-studio/jre/lib/libnio.so
7ff0698bb000-7ff0698bc000 rw-p 0000e000 07:01 476                        /snap/android-studio/125/android-studio/jre/lib/libnio.so
7ff0698bc000-7ff0698c1000 rw-p 00000000 00:00 0 
7ff0698c1000-7ff0698c8000 ---p 00000000 00:00 0 
7ff0698c8000-7ff0698d3000 r--p 00000000 07:01 467                        /snap/android-studio/125/android-studio/jre/lib/libjimage.so
7ff0698d3000-7ff0698e5000 r-xp 0000a000 07:01 467                        /snap/android-studio/125/android-studio/jre/lib/libjimage.so
7ff0698e5000-7ff0698e8000 r--p 0001b000 07:01 467                        /snap/android-studio/125/android-studio/jre/lib/libjimage.so
7ff0698e8000-7ff0698e9000 rw-p 0001d000 07:01 467                        /snap/android-studio/125/android-studio/jre/lib/libjimage.so
7ff0698e9000-7ff0698fb000 rw-p 00000000 00:00 0 
7ff0698fb000-7ff06990d000 r--p 00000000 07:01 463                        /snap/android-studio/125/android-studio/jre/lib/libjava.so
7ff06990d000-7ff069922000 r-xp 00011000 07:01 463                        /snap/android-studio/125/android-studio/jre/lib/libjava.so
7ff069922000-7ff069923000 r--p 00025000 07:01 463                        /snap/android-studio/125/android-studio/jre/lib/libjava.so
7ff069923000-7ff069925000 rw-p 00025000 07:01 463                        /snap/android-studio/125/android-studio/jre/lib/libjava.so
7ff069925000-7ff069927000 r--p 00000000 08:02 6426505                    /usr/lib/x86_64-linux-gnu/librt-2.31.so
7ff069927000-7ff06992b000 r-xp 00002000 08:02 6426505                    /usr/lib/x86_64-linux-gnu/librt-2.31.so
7ff06992b000-7ff06992d000 r--p 00006000 08:02 6426505                    /usr/lib/x86_64-linux-gnu/librt-2.31.so
7ff06992d000-7ff06992e000 r--p 00007000 08:02 6426505                    /usr/lib/x86_64-linux-gnu/librt-2.31.so
7ff06992e000-7ff06992f000 rw-p 00008000 08:02 6426505                    /usr/lib/x86_64-linux-gnu/librt-2.31.so
7ff06992f000-7ff069933000 ---p 00000000 00:00 0 
7ff069933000-7ff069a30000 rw-p 00000000 00:00 0 
7ff069a30000-7ff069a3d000 r--p 00000000 08:02 6426494                    /usr/lib/x86_64-linux-gnu/libm-2.31.so
7ff069a3d000-7ff069ad7000 r-xp 0000d000 08:02 6426494                    /usr/lib/x86_64-linux-gnu/libm-2.31.so
7ff069ad7000-7ff069b72000 r--p 000a7000 08:02 6426494                    /usr/lib/x86_64-linux-gnu/libm-2.31.so
7ff069b72000-7ff069b73000 r--p 00141000 08:02 6426494                    /usr/lib/x86_64-linux-gnu/libm-2.31.so
7ff069b73000-7ff069b74000 rw-p 00142000 08:02 6426494                    /usr/lib/x86_64-linux-gnu/libm-2.31.so
7ff069b74000-7ff06a08e000 r--p 00000000 07:01 497                        /snap/android-studio/125/android-studio/jre/lib/server/libjvm.so
7ff06a08e000-7ff06ab00000 r-xp 00519000 07:01 497                        /snap/android-studio/125/android-studio/jre/lib/server/libjvm.so
7ff06ab00000-7ff06abc8000 r--p 00f8a000 07:01 497                        /snap/android-studio/125/android-studio/jre/lib/server/libjvm.so
7ff06abc8000-7ff06ac00000 rw-p 01051000 07:01 497                        /snap/android-studio/125/android-studio/jre/lib/server/libjvm.so
7ff06ac00000-7ff06ac6a000 rw-p 00000000 00:00 0 
7ff06ac6a000-7ff06ac8c000 r--p 00000000 08:02 6426492                    /usr/lib/x86_64-linux-gnu/libc-2.31.so
7ff06ac8c000-7ff06ade6000 r-xp 00022000 08:02 6426492                    /usr/lib/x86_64-linux-gnu/libc-2.31.so
7ff06ade6000-7ff06ae35000 r--p 0017c000 08:02 6426492                    /usr/lib/x86_64-linux-gnu/libc-2.31.so
7ff06ae35000-7ff06ae39000 r--p 001ca000 08:02 6426492                    /usr/lib/x86_64-linux-gnu/libc-2.31.so
7ff06ae39000-7ff06ae3b000 rw-p 001ce000 08:02 6426492                    /usr/lib/x86_64-linux-gnu/libc-2.31.so
7ff06ae3b000-7ff06ae3f000 rw-p 00000000 00:00 0 
7ff06ae3f000-7ff06ae40000 r--p 00000000 08:02 6426493                    /usr/lib/x86_64-linux-gnu/libdl-2.31.so
7ff06ae40000-7ff06ae42000 r-xp 00001000 08:02 6426493                    /usr/lib/x86_64-linux-gnu/libdl-2.31.so
7ff06ae42000-7ff06ae43000 r--p 00003000 08:02 6426493                    /usr/lib/x86_64-linux-gnu/libdl-2.31.so
7ff06ae43000-7ff06ae44000 r--p 00003000 08:02 6426493                    /usr/lib/x86_64-linux-gnu/libdl-2.31.so
7ff06ae44000-7ff06ae45000 rw-p 00004000 08:02 6426493                    /usr/lib/x86_64-linux-gnu/libdl-2.31.so
7ff06ae45000-7ff06ae4e000 r--p 00000000 07:01 447                        /snap/android-studio/125/android-studio/jre/lib/jli/libjli.so
7ff06ae4e000-7ff06ae5c000 r-xp 00008000 07:01 447                        /snap/android-studio/125/android-studio/jre/lib/jli/libjli.so
7ff06ae5c000-7ff06ae5d000 r--p 00015000 07:01 447                        /snap/android-studio/125/android-studio/jre/lib/jli/libjli.so
7ff06ae5d000-7ff06ae5f000 rw-p 00015000 07:01 447                        /snap/android-studio/125/android-studio/jre/lib/jli/libjli.so
7ff06ae5f000-7ff06ae65000 r--p 00000000 08:02 6426503                    /usr/lib/x86_64-linux-gnu/libpthread-2.31.so
7ff06ae65000-7ff06ae75000 r-xp 00006000 08:02 6426503                    /usr/lib/x86_64-linux-gnu/libpthread-2.31.so
7ff06ae75000-7ff06ae7b000 r--p 00016000 08:02 6426503                    /usr/lib/x86_64-linux-gnu/libpthread-2.31.so
7ff06ae7b000-7ff06ae7c000 r--p 0001b000 08:02 6426503                    /usr/lib/x86_64-linux-gnu/libpthread-2.31.so
7ff06ae7c000-7ff06ae7d000 rw-p 0001c000 08:02 6426503                    /usr/lib/x86_64-linux-gnu/libpthread-2.31.so
7ff06ae7d000-7ff06ae81000 rw-p 00000000 00:00 0 
7ff06ae83000-7ff06ae8b000 rw-s 00000000 00:24 276                        /tmp/hsperfdata_ldyv/8408 (deleted)
7ff06ae8b000-7ff06ae8c000 ---p 00000000 00:00 0 
7ff06ae8c000-7ff06ae8d000 r--p 00000000 00:00 0 
7ff06ae8d000-7ff06ae93000 r--p 00000000 07:01 484                        /snap/android-studio/125/android-studio/jre/lib/libverify.so
7ff06ae93000-7ff06ae9c000 r-xp 00005000 07:01 484                        /snap/android-studio/125/android-studio/jre/lib/libverify.so
7ff06ae9c000-7ff06ae9e000 r--p 0000d000 07:01 484                        /snap/android-studio/125/android-studio/jre/lib/libverify.so
7ff06ae9e000-7ff06ae9f000 rw-p 0000e000 07:01 484                        /snap/android-studio/125/android-studio/jre/lib/libverify.so
7ff06ae9f000-7ff06aea1000 rw-p 00000000 00:00 0 
7ff06aea1000-7ff06aea2000 r--p 00000000 08:02 6426488                    /usr/lib/x86_64-linux-gnu/ld-2.31.so
7ff06aea2000-7ff06aec2000 r-xp 00001000 08:02 6426488                    /usr/lib/x86_64-linux-gnu/ld-2.31.so
7ff06aec2000-7ff06aeca000 r--p 00021000 08:02 6426488                    /usr/lib/x86_64-linux-gnu/ld-2.31.so
7ff06aecb000-7ff06aecc000 r--p 00029000 08:02 6426488                    /usr/lib/x86_64-linux-gnu/ld-2.31.so
7ff06aecc000-7ff06aecd000 rw-p 0002a000 08:02 6426488                    /usr/lib/x86_64-linux-gnu/ld-2.31.so
7ff06aecd000-7ff06aece000 rw-p 00000000 00:00 0 
7fffdb2e3000-7fffdb305000 rw-p 00000000 00:00 0                          [stack]
7fffdb305000-7fffdb309000 r--p 00000000 00:00 0                          [vvar]
7fffdb309000-7fffdb30b000 r-xp 00000000 00:00 0                          [vdso]


VM Arguments:
jvm_args: -Dorg.gradle.appname=gradlew 
java_command: org.gradle.wrapper.GradleWrapperMain -q -Ptarget-platform=android-arm -Ptarget=/home/ldyv/Documents/GitHub/Nosso-Cafofo/lib/main.dart -Pmultidex-enabled=true -Pbase-application-name=android.app.Application -Pdart-defines=RkxVVFRFUl9XRUJfQVVUT19ERVRFQ1Q9dHJ1ZQ== -Pdart-obfuscation=false -Ptrack-widget-creation=true -Ptree-shake-icons=false -Pfilesystem-scheme=org-dartlang-root assembleDebug
java_class_path (initial): /home/ldyv/Documents/GitHub/Nosso-Cafofo/android/gradle/wrapper/gradle-wrapper.jar
Launcher Type: SUN_STANDARD

[Global flags]
     intx CICompilerCount                          = 3                                         {product} {ergonomic}
     uint ConcGCThreads                            = 1                                         {product} {ergonomic}
     uint G1ConcRefinementThreads                  = 4                                         {product} {ergonomic}
   size_t G1HeapRegionSize                         = 1048576                                   {product} {ergonomic}
    uintx GCDrainStackTargetSize                   = 64                                        {product} {ergonomic}
   size_t InitialHeapSize                          = 62914560                                  {product} {ergonomic}
   size_t MarkStackSize                            = 4194304                                   {product} {ergonomic}
   size_t MaxHeapSize                              = 1006632960                                {product} {ergonomic}
   size_t MaxNewSize                               = 603979776                                 {product} {ergonomic}
   size_t MinHeapDeltaBytes                        = 1048576                                   {product} {ergonomic}
    uintx NonNMethodCodeHeapSize                   = 5830732                                {pd product} {ergonomic}
    uintx NonProfiledCodeHeapSize                  = 122913754                              {pd product} {ergonomic}
    uintx ProfiledCodeHeapSize                     = 122913754                              {pd product} {ergonomic}
    uintx ReservedCodeCacheSize                    = 251658240                              {pd product} {ergonomic}
     bool SegmentedCodeCache                       = true                                      {product} {ergonomic}
     bool UseCompressedClassPointers               = true                                 {lp64_product} {ergonomic}
     bool UseCompressedOops                        = true                                 {lp64_product} {ergonomic}
     bool UseG1GC                                  = true                                      {product} {ergonomic}

Logging:
Log output configuration:
 #0: stdout all=warning uptime,level,tags
 #1: stderr all=off uptime,level,tags

Environment Variables:
JAVA_HOME=/snap/android-studio/current/android-studio/jre
PATH=/snap/flutter/current/usr/bin:/snap/flutter/current/bin:/home/ldyv/snap/flutter/common/flutter/bin:/snap/flutter/current/usr/bin:/snap/flutter/current/bin:/home/ldyv/snap/flutter/common/flutter/bin:/usr/local/bin:/usr/bin:/bin:/usr/local/games:/usr/games:/usr/share/games:/usr/local/sbin:/usr/sbin:/sbin:/home/ldyv/.local/bin:/snap/bin:/snap/bin:/opt/gradle/bin:/root/.local/bin:/snap/bin:/usr/sandbox/:/usr/local/bin:/usr/bin:/bin:/usr/local/games:/usr/games:/usr/share/games:/usr/local/sbin:/usr/sbin:/sbin:/usr/local/bin:/usr/bin:/bin:/usr/local/games:/usr/games:/usr/share/games:/usr/local/sbin:/usr/sbin:/sbin:/root/.local/bin:/snap/bin:/usr/sbin:/usr/bin:/sbin:/bin:/root/bin
SHELL=/bin/bash
DISPLAY=:0
LANG=en_US.UTF-8

Signal Handlers:
SIGSEGV: [libjvm.so+0xf11250], sa_mask[0]=11111111011111111101111111111110, sa_flags=SA_RESTART|SA_SIGINFO
SIGBUS: [libjvm.so+0xf11250], sa_mask[0]=11111111011111111101111111111110, sa_flags=SA_RESTART|SA_SIGINFO
SIGFPE: [libjvm.so+0xf11250], sa_mask[0]=11111111011111111101111111111110, sa_flags=SA_RESTART|SA_SIGINFO
SIGPIPE: [libjvm.so+0xd5f7e0], sa_mask[0]=11111111011111111101111111111110, sa_flags=SA_RESTART|SA_SIGINFO
SIGXFSZ: [libjvm.so+0xd5f7e0], sa_mask[0]=11111111011111111101111111111110, sa_flags=SA_RESTART|SA_SIGINFO
SIGILL: [libjvm.so+0xf11250], sa_mask[0]=11111111011111111101111111111110, sa_flags=SA_RESTART|SA_SIGINFO
SIGUSR2: [libjvm.so+0xd5fec0], sa_mask[0]=00000000000000000000010000000000, sa_flags=SA_RESTART|SA_SIGINFO
SIGHUP: [libjvm.so+0xd5c800], sa_mask[0]=11111111011111111101111111111110, sa_flags=SA_RESTART|SA_SIGINFO
SIGINT: [libjvm.so+0xd5c800], sa_mask[0]=11111111011111111101111111111110, sa_flags=SA_RESTART|SA_SIGINFO
SIGTERM: [libjvm.so+0xd5c800], sa_mask[0]=11111111011111111101111111111110, sa_flags=SA_RESTART|SA_SIGINFO
SIGQUIT: [libjvm.so+0xd5c800], sa_mask[0]=11111111011111111101111111111110, sa_flags=SA_RESTART|SA_SIGINFO


---------------  S Y S T E M  ---------------

OS:PRETTY_NAME="Parrot OS 5.1 (Electro Ara)"
NAME="Parrot OS"
VERSION_ID="5.1"
VERSION="5.1 (Electro Ara)"
VERSION_CODENAME=ara
ID=parrot
ID_LIKE=debian
HOME_URL="https://www.parrotsec.org/"
SUPPORT_URL="https://community.parrotsec.org/"
BUG_REPORT_URL="https://community.parrotsec.org/"
uname:Linux 6.0.0-2parrot1-amd64 #1 SMP PREEMPT_DYNAMIC Debian 6.0.2-1parrot1 (2022-10-18) x86_64
OS uptime: 0 days 0:26 hours
libc:glibc 2.31 NPTL 2.31 
rlimit (soft/hard): STACK 8192k/infinity , CORE 0k/infinity , NPROC 14925/14925 , NOFILE 1048576/1048576 , AS infinity/infinity , CPU infinity/infinity , DATA infinity/infinity , FSIZE infinity/infinity , MEMLOCK 490968k/490968k
load average:5,60 2,47 1,60

/proc/meminfo:
MemTotal:        3927760 kB
MemFree:          139668 kB
MemAvailable:     771364 kB
Buffers:           43692 kB
Cached:          1632900 kB
SwapCached:       133820 kB
Active:          1112132 kB
Inactive:        2231668 kB
Active(anon):     607336 kB
Inactive(anon):  1954668 kB
Active(file):     504796 kB
Inactive(file):   277000 kB
Unevictable:       71784 kB
Mlocked:              32 kB
SwapTotal:      12812280 kB
SwapFree:       10385096 kB
Zswap:                 0 kB
Zswapped:              0 kB
Dirty:              1284 kB
Writeback:             0 kB
AnonPages:       1701116 kB
Mapped:           798176 kB
Shmem:            894300 kB
KReclaimable:     114532 kB
Slab:             212464 kB
SReclaimable:     114532 kB
SUnreclaim:        97932 kB
KernelStack:       16992 kB
PageTables:        40152 kB
NFS_Unstable:          0 kB
Bounce:                0 kB
WritebackTmp:          0 kB
CommitLimit:    14776160 kB
Committed_AS:   10774752 kB
VmallocTotal:   34359738367 kB
VmallocUsed:       57248 kB
VmallocChunk:          0 kB
Percpu:             3856 kB
HardwareCorrupted:     0 kB
AnonHugePages:    247808 kB
ShmemHugePages:   161792 kB
ShmemPmdMapped:        0 kB
FileHugePages:         0 kB
FilePmdMapped:         0 kB
HugePages_Total:       0
HugePages_Free:        0
HugePages_Rsvd:        0
HugePages_Surp:        0
Hugepagesize:       2048 kB
Hugetlb:               0 kB
DirectMap4k:      174752 kB
DirectMap2M:     3923968 kB

/sys/kernel/mm/transparent_hugepage/enabled:
[always] madvise never
/sys/kernel/mm/transparent_hugepage/defrag (defrag/compaction efforts parameter):
always defer defer+madvise [madvise] never

Process Memory:
Virtual Size: 4061452K (peak: 4061452K)
Resident Set Size: 68128K (peak: 91636K) (anon: 56892K, file: 11204K, shmem: 32K)
Swapped out: 9836K
C-Heap outstanding allocations: 14748K

/proc/sys/kernel/threads-max (system-wide limit on the number of threads):
29850
/proc/sys/vm/max_map_count (maximum number of memory map areas a process may have):
65530
/proc/sys/kernel/pid_max (system-wide limit on number of process identifiers):
4194304

Steal ticks since vm start: 0
Steal ticks percentage since vm start:  0,000

CPU:total 4 (initial active 4) (2 cores per cpu, 2 threads per core) family 6 model 58 stepping 9 microcode 0x21, cmov, cx8, fxsr, mmx, sse, sse2, sse3, ssse3, sse4.1, sse4.2, popcnt, avx, aes, clmul, erms, ht, tsc, tscinvbit, tscinv
CPU Model and flags from /proc/cpuinfo:
model name	: Intel(R) Core(TM) i5-3427U CPU @ 1.80GHz
flags		: fpu vme de pse tsc msr pae mce cx8 apic sep mtrr pge mca cmov pat pse36 clflush dts acpi mmx fxsr sse sse2 ss ht tm pbe syscall nx rdtscp lm constant_tsc arch_perfmon pebs bts rep_good nopl xtopology nonstop_tsc cpuid aperfmperf pni pclmulqdq dtes64 monitor ds_cpl vmx smx est tm2 ssse3 cx16 xtpr pdcm pcid sse4_1 sse4_2 x2apic popcnt tsc_deadline_timer aes xsave avx f16c rdrand lahf_lm cpuid_fault pti ssbd ibrs ibpb stibp tpr_shadow vnmi flexpriority ept vpid fsgsbase smep erms xsaveopt dtherm ida arat pln pts md_clear flush_l1d
Online cpus:
0-3
Offline cpus:

BIOS frequency limitation:
<Not Available>
Frequency switch latency (ns):
20000
Available cpu frequencies:
<Not Available>
Current governor:
schedutil
Core performance/turbo boost:
<Not Available>

Memory: 4k page, physical 3927760k(139668k free), swap 12812280k(10385096k free)

vm_info: OpenJDK 64-Bit Server VM (11.0.13+0-b1751.21-8125866) for linux-amd64 JRE (11.0.13+0-b1751.21-8125866), built on Jan 27 2022 22:29:40 by "androidbuild" with gcc Android (7284624, based on r416183b) Clang 12.0.5 (https://android.googlesource.com/toolchain/llvm-project c935d99d7cf2016289302412d708641d52d2f7ee)

END.
